CRITICAL - 2023-10-01 14:40:16 --> Invalid file: "backend/layout/auth-layout..php"
in SYSTEMPATH\Exceptions\FrameworkException.php on line 39.
 1 SYSTEMPATH\View\View.php(214): CodeIgniter\Exceptions\FrameworkException::forInvalidFile('backend/layout/auth-layout..php')
 2 SYSTEMPATH\View\View.php(242): CodeIgniter\View\View->render('backend/layout/auth-layout.', null, true)
 3 SYSTEMPATH\Router\RouteCollection.php(1110): CodeIgniter\View\View->render('example-auth', null)
 4 SYSTEMPATH\CodeIgniter.php(868): CodeIgniter\Router\RouteCollection::CodeIgniter\Router\{closure}()
 5 SYSTEMPATH\CodeIgniter.php(481): CodeIgniter\CodeIgniter->startController()
 6 SYSTEMPATH\CodeIgniter.php(353): CodeIgniter\CodeIgniter->handleRequest(null, Object(Config\Cache), false)
 7 FCPATH\index.php(79): CodeIgniter\CodeIgniter->run()
 8 SYSTEMPATH\Commands\Server\rewrite.php(47): require_once('C:\\laragon\\www\\ECOMMERCE\\public\\index.php')
CRITICAL - 2023-10-01 14:40:46 --> Invalid file: "backend/layout/auth-layout..php"
in SYSTEMPATH\Exceptions\FrameworkException.php on line 39.
 1 SYSTEMPATH\View\View.php(214): CodeIgniter\Exceptions\FrameworkException::forInvalidFile('backend/layout/auth-layout..php')
 2 SYSTEMPATH\View\View.php(242): CodeIgniter\View\View->render('backend/layout/auth-layout.', null, true)
 3 SYSTEMPATH\Router\RouteCollection.php(1110): CodeIgniter\View\View->render('example-auth', null)
 4 SYSTEMPATH\CodeIgniter.php(868): CodeIgniter\Router\RouteCollection::CodeIgniter\Router\{closure}()
 5 SYSTEMPATH\CodeIgniter.php(481): CodeIgniter\CodeIgniter->startController()
 6 SYSTEMPATH\CodeIgniter.php(353): CodeIgniter\CodeIgniter->handleRequest(null, Object(Config\Cache), false)
 7 FCPATH\index.php(79): CodeIgniter\CodeIgniter->run()
 8 SYSTEMPATH\Commands\Server\rewrite.php(47): require_once('C:\\laragon\\www\\ECOMMERCE\\public\\index.php')
CRITICAL - 2023-10-01 14:48:09 --> Undefined variable $renderSection
in APPPATH\Views\backend\layout\auth-layout.php on line 75.
 1 APPPATH\Views\backend\layout\auth-layout.php(75): CodeIgniter\Debug\Exceptions->errorHandler(2, 'Undefined variable $renderSection', 'C:\\laragon\\www\\ECOMMERCE\\app\\Views\\backend\\layout\\auth-layout.php', 75)
 2 SYSTEMPATH\View\View.php(226): include('C:\\laragon\\www\\ECOMMERCE\\app\\Views\\backend\\layout\\auth-layout.php')
 3 SYSTEMPATH\View\View.php(229): CodeIgniter\View\View->CodeIgniter\View\{closure}()
 4 SYSTEMPATH\View\View.php(242): CodeIgniter\View\View->render('backend/layout/auth-layout', null, true)
 5 SYSTEMPATH\Router\RouteCollection.php(1110): CodeIgniter\View\View->render('example-auth', null)
 6 SYSTEMPATH\CodeIgniter.php(868): CodeIgniter\Router\RouteCollection::CodeIgniter\Router\{closure}()
 7 SYSTEMPATH\CodeIgniter.php(481): CodeIgniter\CodeIgniter->startController()
 8 SYSTEMPATH\CodeIgniter.php(353): CodeIgniter\CodeIgniter->handleRequest(null, Object(Config\Cache), false)
 9 FCPATH\index.php(79): CodeIgniter\CodeIgniter->run()
10 SYSTEMPATH\Commands\Server\rewrite.php(47): require_once('C:\\laragon\\www\\ECOMMERCE\\public\\index.php')
CRITICAL - 2023-10-01 14:49:15 --> Undefined variable $renderSection
in APPPATH\Views\backend\layout\auth-layout.php on line 75.
 1 APPPATH\Views\backend\layout\auth-layout.php(75): CodeIgniter\Debug\Exceptions->errorHandler(2, 'Undefined variable $renderSection', 'C:\\laragon\\www\\ECOMMERCE\\app\\Views\\backend\\layout\\auth-layout.php', 75)
 2 SYSTEMPATH\View\View.php(226): include('C:\\laragon\\www\\ECOMMERCE\\app\\Views\\backend\\layout\\auth-layout.php')
 3 SYSTEMPATH\View\View.php(229): CodeIgniter\View\View->CodeIgniter\View\{closure}()
 4 SYSTEMPATH\View\View.php(242): CodeIgniter\View\View->render('backend/layout/auth-layout', null, true)
 5 SYSTEMPATH\Router\RouteCollection.php(1110): CodeIgniter\View\View->render('example-auth', null)
 6 SYSTEMPATH\CodeIgniter.php(868): CodeIgniter\Router\RouteCollection::CodeIgniter\Router\{closure}()
 7 SYSTEMPATH\CodeIgniter.php(481): CodeIgniter\CodeIgniter->startController()
 8 SYSTEMPATH\CodeIgniter.php(353): CodeIgniter\CodeIgniter->handleRequest(null, Object(Config\Cache), false)
 9 FCPATH\index.php(79): CodeIgniter\CodeIgniter->run()
10 SYSTEMPATH\Commands\Server\rewrite.php(47): require_once('C:\\laragon\\www\\ECOMMERCE\\public\\index.php')
CRITICAL - 2023-10-01 14:51:01 --> Undefined variable $renderSection
in APPPATH\Views\backend\layout\auth-layout.php on line 75.
 1 APPPATH\Views\backend\layout\auth-layout.php(75): CodeIgniter\Debug\Exceptions->errorHandler(2, 'Undefined variable $renderSection', 'C:\\laragon\\www\\ECOMMERCE\\app\\Views\\backend\\layout\\auth-layout.php', 75)
 2 SYSTEMPATH\View\View.php(226): include('C:\\laragon\\www\\ECOMMERCE\\app\\Views\\backend\\layout\\auth-layout.php')
 3 SYSTEMPATH\View\View.php(229): CodeIgniter\View\View->CodeIgniter\View\{closure}()
 4 SYSTEMPATH\View\View.php(242): CodeIgniter\View\View->render('backend/layout/auth-layout', null, true)
 5 SYSTEMPATH\Router\RouteCollection.php(1110): CodeIgniter\View\View->render('example-auth', null)
 6 SYSTEMPATH\CodeIgniter.php(868): CodeIgniter\Router\RouteCollection::CodeIgniter\Router\{closure}()
 7 SYSTEMPATH\CodeIgniter.php(481): CodeIgniter\CodeIgniter->startController()
 8 SYSTEMPATH\CodeIgniter.php(353): CodeIgniter\CodeIgniter->handleRequest(null, Object(Config\Cache), false)
 9 FCPATH\index.php(79): CodeIgniter\CodeIgniter->run()
10 SYSTEMPATH\Commands\Server\rewrite.php(47): require_once('C:\\laragon\\www\\ECOMMERCE\\public\\index.php')
CRITICAL - 2023-10-01 14:52:38 --> Undefined variable $renderSection
in APPPATH\Views\backend\layout\auth-layout.php on line 75.
 1 APPPATH\Views\backend\layout\auth-layout.php(75): CodeIgniter\Debug\Exceptions->errorHandler(2, 'Undefined variable $renderSection', 'C:\\laragon\\www\\ECOMMERCE\\app\\Views\\backend\\layout\\auth-layout.php', 75)
 2 SYSTEMPATH\View\View.php(226): include('C:\\laragon\\www\\ECOMMERCE\\app\\Views\\backend\\layout\\auth-layout.php')
 3 SYSTEMPATH\View\View.php(229): CodeIgniter\View\View->CodeIgniter\View\{closure}()
 4 SYSTEMPATH\View\View.php(242): CodeIgniter\View\View->render('backend/layout/auth-layout', null, true)
 5 SYSTEMPATH\Router\RouteCollection.php(1110): CodeIgniter\View\View->render('example-auth', null)
 6 SYSTEMPATH\CodeIgniter.php(868): CodeIgniter\Router\RouteCollection::CodeIgniter\Router\{closure}()
 7 SYSTEMPATH\CodeIgniter.php(481): CodeIgniter\CodeIgniter->startController()
 8 SYSTEMPATH\CodeIgniter.php(353): CodeIgniter\CodeIgniter->handleRequest(null, Object(Config\Cache), false)
 9 FCPATH\index.php(79): CodeIgniter\CodeIgniter->run()
10 SYSTEMPATH\Commands\Server\rewrite.php(47): require_once('C:\\laragon\\www\\ECOMMERCE\\public\\index.php')
CRITICAL - 2023-10-01 14:53:36 --> Undefined variable $renderSection
in APPPATH\Views\backend\layout\auth-layout.php on line 86.
 1 APPPATH\Views\backend\layout\auth-layout.php(86): CodeIgniter\Debug\Exceptions->errorHandler(2, 'Undefined variable $renderSection', 'C:\\laragon\\www\\ECOMMERCE\\app\\Views\\backend\\layout\\auth-layout.php', 86)
 2 SYSTEMPATH\View\View.php(226): include('C:\\laragon\\www\\ECOMMERCE\\app\\Views\\backend\\layout\\auth-layout.php')
 3 SYSTEMPATH\View\View.php(229): CodeIgniter\View\View->CodeIgniter\View\{closure}()
 4 SYSTEMPATH\View\View.php(242): CodeIgniter\View\View->render('backend/layout/auth-layout', null, true)
 5 SYSTEMPATH\Router\RouteCollection.php(1110): CodeIgniter\View\View->render('example-auth', null)
 6 SYSTEMPATH\CodeIgniter.php(868): CodeIgniter\Router\RouteCollection::CodeIgniter\Router\{closure}()
 7 SYSTEMPATH\CodeIgniter.php(481): CodeIgniter\CodeIgniter->startController()
 8 SYSTEMPATH\CodeIgniter.php(353): CodeIgniter\CodeIgniter->handleRequest(null, Object(Config\Cache), false)
 9 FCPATH\index.php(79): CodeIgniter\CodeIgniter->run()
10 SYSTEMPATH\Commands\Server\rewrite.php(47): require_once('C:\\laragon\\www\\ECOMMERCE\\public\\index.php')
CRITICAL - 2023-10-01 14:53:36 --> Undefined variable $renderSection
in APPPATH\Views\backend\layout\auth-layout.php on line 86.
 1 APPPATH\Views\backend\layout\auth-layout.php(86): CodeIgniter\Debug\Exceptions->errorHandler(2, 'Undefined variable $renderSection', 'C:\\laragon\\www\\ECOMMERCE\\app\\Views\\backend\\layout\\auth-layout.php', 86)
 2 SYSTEMPATH\View\View.php(226): include('C:\\laragon\\www\\ECOMMERCE\\app\\Views\\backend\\layout\\auth-layout.php')
 3 SYSTEMPATH\View\View.php(229): CodeIgniter\View\View->CodeIgniter\View\{closure}()
 4 SYSTEMPATH\View\View.php(242): CodeIgniter\View\View->render('backend/layout/auth-layout', null, true)
 5 SYSTEMPATH\Router\RouteCollection.php(1110): CodeIgniter\View\View->render('example-auth', null)
 6 SYSTEMPATH\CodeIgniter.php(868): CodeIgniter\Router\RouteCollection::CodeIgniter\Router\{closure}()
 7 SYSTEMPATH\CodeIgniter.php(481): CodeIgniter\CodeIgniter->startController()
 8 SYSTEMPATH\CodeIgniter.php(353): CodeIgniter\CodeIgniter->handleRequest(null, Object(Config\Cache), false)
 9 FCPATH\index.php(79): CodeIgniter\CodeIgniter->run()
10 SYSTEMPATH\Commands\Server\rewrite.php(47): require_once('C:\\laragon\\www\\ECOMMERCE\\public\\index.php')
